<?xml version="1.0" encoding="UTF-8"?>
<!-- Generated by org.testng.reporters.JUnitXMLReporter -->
<testsuite ignored="2" hostname="LAPTOP-ARKEE1MM" failures="0" tests="1" name="Default test(failed)" time="0.081" errors="0" timestamp="2023-08-02T12:49:41 IST">
  <testcase classname="org.TestNG.FailedTestCase$Assertion" name="testPageTitle" time="0.017"/>
  <testcase classname="org.TestNG.FailedTestCase$Assertion" name="assertTrue" time="0.0">
    <ignored/>
  </testcase> <!-- assertTrue -->
  <testcase classname="org.TestNG.FailedTestCase$Assertion" name="assertFalse" time="0.0">
    <ignored/>
  </testcase> <!-- assertFalse -->
</testsuite> <!-- Default test(failed) -->
