<?xml version="1.0" encoding="UTF-8"?>
<!-- Generated by org.testng.reporters.JUnitXMLReporter -->
<testsuite ignored="0" hostname="LAPTOP-ARKEE1MM" failures="1" tests="8" name="Test2" time="0.057" errors="0" timestamp="2023-08-02T09:50:59 IST">
  <testcase classname="org.TestNG.Assertion" name="assertFalse" time="0.001"/>
  <testcase classname="org.TestNG.Assertion" name="assertTrue" time="0.004"/>
  <testcase classname="org.TestNG.Assertion" name="testPageTitle" time="0.001">
    <failure type="java.lang.AssertionError" message="expected [Hometown] but found [HomeTown]">
      <![CDATA[java.lang.AssertionError: expected [Hometown] but found [HomeTown]
at org.TestNG.Assertion.testPageTitle(Assertion.java:13)
at java.base/java.util.ArrayList.forEach(ArrayList.java:1511)
... Removed 33 stack frames]]>
    </failure>
  </testcase> <!-- testPageTitle -->
  <testcase classname="org.TestNG.Sample" name="test" time="0.003"/>
  <testcase classname="org.TestNG.Sample" name="test1" time="0.005"/>
  <testcase classname="org.TestNG.World" name="group" time="0.004"/>
  <testcase classname="org.TestNG.World" name="group1" time="0.003"/>
  <testcase classname="org.TestNG.World" name="group2" time="0.004"/>
</testsuite> <!-- Test2 -->
