<?xml version="1.0" encoding="UTF-8"?>
<!-- Generated by org.testng.reporters.JUnitXMLReporter -->
<testsuite ignored="0" hostname="LAPTOP-ARKEE1MM" failures="2" tests="6" name="Test" time="0.312" errors="0" timestamp="2023-08-21T15:01:50 IST">
  <testcase classname="org.TestNgAdvance.FaileTestCaseListerner" name="Fruits" time="0.015"/>
  <testcase classname="org.TestNgAdvance.FaileTestCaseListerner" name="Fruits1" time="0.0"/>
  <testcase classname="org.TestNgAdvance.FaileTestCaseListerner" name="NonVeg" time="0.0"/>
  <testcase classname="org.TestNgAdvance.FaileTestCaseListerner" name="NonVeg1" time="0.0"/>
  <testcase classname="org.TestNgAdvance.FaileTestCaseListerner" name="Vegetable" time="0.01">
    <failure type="java.lang.AssertionError" message="expected [true] but found [false]">
      <![CDATA[java.lang.AssertionError: expected [true] but found [false]
at org.TestNgAdvance.FaileTestCaseListerner.Vegetable(FaileTestCaseListerner.java:18)
at java.base/java.util.ArrayList.forEach(ArrayList.java:1511)
... Removed 31 stack frames]]>
    </failure>
  </testcase> <!-- Vegetable -->
  <testcase classname="org.TestNgAdvance.FaileTestCaseListerner" name="Vegetable1" time="0.0">
    <failure type="java.lang.AssertionError" message="expected [true] but found [false]">
      <![CDATA[java.lang.AssertionError: expected [true] but found [false]
at org.TestNgAdvance.FaileTestCaseListerner.Vegetable1(FaileTestCaseListerner.java:38)
at java.base/java.util.ArrayList.forEach(ArrayList.java:1511)
... Removed 31 stack frames]]>
    </failure>
  </testcase> <!-- Vegetable1 -->
</testsuite> <!-- Test -->
